hussainrehman@Hussains-MacBook-Air electron-app % npm run dev

> @time-architect/electron-app@1.0.0 dev
> concurrently "VITE_DEV_SERVER_URL=http://localhost:5174 vite" "wait-on tcp:5174 && electron ."

[0] The CJS build of Vite's Node API is deprecated. See https://vite.dev/guide/troubleshooting.html#vite-cjs-node-api-deprecated for more details.
[0] 
[0]   VITE v5.4.15  ready in 172 ms
[0] 
[0]   ➜  Local:   http://localhost:5174/
[0]   ➜  Network: use --host to expose
[1] Electron app is ready
[1] Creating Electron window...
[1] Running in development mode, waiting for Vite server...
[1] 2025-04-01 12:34:46.879 Electron[38201:6664454] +[IMKClient subclass]: chose IMKClient_Modern
[1] 2025-04-01 12:34:46.879 Electron[38201:6664454] +[IMKInputSession subclass]: chose IMKInputSession_Modern
[1] Loading development URL: http://localhost:5174
[1] Window started loading
[1] Window finished loading
[1] IPC: Received connectivity update: true
[1] Connectivity changed: true -> true
[1] IPC: Received clock-in request for session: 67ebcf5a31d14c753a2c457d
[1] Starting activity tracking for session: 67ebcf5a31d14c753a2c457d
[1] IPC: Received connectivity update: false
[1] Connectivity changed: true -> false
[1] IPC: Received connectivity update: true
[1] Connectivity changed: false -> true
[1] Back online, attempting to sync offline queue
[1] Fetched settings: {
[1]   pendingValidationThreshold: 10,
[1]   inactivityThreshold: 20,
[1]   autoClockOutDelay: 40,
[1]   autoClockOutEnabled: true
[1] }
[1] Using settings: {
[1]   pendingValidation: 10,
[1]   inactivity: 20,
[1]   autoClockOut: { enabled: true, delay: 40 }
[1] }
[1] Activity tracking started
[1] Mouse event: {
[1]   type: 7,
[1]   time: 224172437292750,
[1]   altKey: false,
[1]   ctrlKey: false,
[1]   metaKey: false,
[1]   shiftKey: false,
[1]   x: 342,
[1]   y: 728,
[1]   button: 1,
[1]   clicks: 1
[1] }
[1] Window changed: {
[1]   current: {
[1]     title: 'Time Architect',
[1]     appName: 'Electron',
[1]     startTime: 1743507291137
[1]   },
[1]   previous: null
[1] }
[1] Sending activity: {
[1]   sessionId: '67ebcf5a31d14c753a2c457d',
[1]   type: 'mouse',
[1]   details: {
[1]     button: 1,
[1]     windowTitle: 'Time Architect',
[1]     appName: 'Electron',
[1]     appDuration: 0
[1]   },
[1]   timestamp: '2025-04-01T11:34:51.137Z',
[1]   isOfflineSync: false
[1] }
[1] Activity logged successfully: {
[1]   message: 'Activity logged successfully',
[1]   session_id: '67ebcf5a31d14c753a2c457d'
[1] }
[1] Keyboard event: {
[1]   type: 4,
[1]   time: 224172759683416,
[1]   altKey: false,
[1]   ctrlKey: false,
[1]   metaKey: false,
[1]   shiftKey: false,
[1]   keycode: 30
[1] }
[1] Keyboard event: {
[1]   type: 4,
[1]   time: 224172765667208,
[1]   altKey: false,
[1]   ctrlKey: false,
[1]   metaKey: false,
[1]   shiftKey: false,
[1]   keycode: 36
[1] }
[1] Keyboard event: {
[1]   type: 4,
[1]   time: 224172769276458,
[1]   altKey: false,
[1]   ctrlKey: false,
[1]   metaKey: false,
[1]   shiftKey: false,
[1]   keycode: 35
[1] }
[1] Keyboard event: {
[1]   type: 4,
[1]   time: 224172822524625,
[1]   altKey: false,
[1]   ctrlKey: false,
[1]   metaKey: false,
[1]   shiftKey: false,
[1]   keycode: 31
[1] }
[1] Keyboard event: {
[1]   type: 4,
[1]   time: 224172846390875,
[1]   altKey: false,
[1]   ctrlKey: false,
[1]   metaKey: false,
[1]   shiftKey: false,
[1]   keycode: 48
[1] }
[1] Keyboard event: {
[1]   type: 4,
[1]   time: 224172861905125,
[1]   altKey: false,
[1]   ctrlKey: false,
[1]   metaKey: false,
[1]   shiftKey: false,
[1]   keycode: 32
[1] }
[1] Keyboard event: {
[1]   type: 4,
[1]   time: 224172971843750,
[1]   altKey: false,
[1]   ctrlKey: false,
[1]   metaKey: false,
[1]   shiftKey: false,
[1]   keycode: 36
[1] }
[1] Keyboard event: {
[1]   type: 4,
[1]   time: 224172971872791,
[1]   altKey: false,
[1]   ctrlKey: false,
[1]   metaKey: false,
[1]   shiftKey: false,
[1]   keycode: 37
[1] }
[1] Keyboard event: {
[1]   type: 4,
[1]   time: 224173026511750,
[1]   altKey: false,
[1]   ctrlKey: false,
[1]   metaKey: false,
[1]   shiftKey: false,
[1]   keycode: 30
[1] }
[1] Keyboard event: {
[1]   type: 4,
[1]   time: 224173042114875,
[1]   altKey: false,
[1]   ctrlKey: false,
[1]   metaKey: false,
[1]   shiftKey: false,
[1]   keycode: 31
[1] }
[1] Sending activity: {
[1]   sessionId: '67ebcf5a31d14c753a2c457d',
[1]   type: 'keyboard',
[1]   details: {
[1]     keycode: 30,
[1]     windowTitle: 'Time Architect',
[1]     appName: 'Electron',
[1]     appDuration: 0
[1]   },
[1]   timestamp: '2025-04-01T11:34:51.573Z',
[1]   isOfflineSync: false
[1] }
[1] Keyboard event: {
[1]   type: 4,
[1]   time: 224173058406375,
[1]   altKey: false,
[1]   ctrlKey: false,
[1]   metaKey: false,
[1]   shiftKey: false,
[1]   keycode: 48
[1] }
[1] Activity logged successfully: {
[1]   message: 'Activity logged successfully',
[1]   session_id: '67ebcf5a31d14c753a2c457d'
[1] }
[1] Keyboard event: {
[1]   type: 4,
[1]   time: 224173134452375,
[1]   altKey: false,
[1]   ctrlKey: false,
[1]   metaKey: false,
[1]   shiftKey: false,
[1]   keycode: 37
[1] }
[1] Keyboard event: {
[1]   type: 4,
[1]   time: 224173134473541,
[1]   altKey: false,
[1]   ctrlKey: false,
[1]   metaKey: false,
[1]   shiftKey: false,
[1]   keycode: 36
[1] }
[1] Keyboard event: {
[1]   type: 4,
[1]   time: 224173134500958,
[1]   altKey: false,
[1]   ctrlKey: false,
[1]   metaKey: false,
[1]   shiftKey: false,
[1]   keycode: 32
[1] }
[1] Keyboard event: {
[1]   type: 4,
[1]   time: 224173217258875,
[1]   altKey: false,
[1]   ctrlKey: false,
[1]   metaKey: false,
[1]   shiftKey: false,
[1]   keycode: 48
[1] }
[1] Sending activity: {
[1]   sessionId: '67ebcf5a31d14c753a2c457d',
[1]   type: 'keyboard',
[1]   details: {
[1]     keycode: 36,
[1]     windowTitle: 'Time Architect',
[1]     appName: 'Electron',
[1]     appDuration: 0
[1]   },
[1]   timestamp: '2025-04-01T11:34:51.774Z',
[1]   isOfflineSync: false
[1] }
[1] Keyboard event: {
[1]   type: 4,
[1]   time: 224173263175166,
[1]   altKey: false,
[1]   ctrlKey: false,
[1]   metaKey: false,
[1]   shiftKey: false,
[1]   keycode: 37
[1] }
[1] Keyboard event: {
[1]   type: 4,
[1]   time: 224173279979166,
[1]   altKey: false,
[1]   ctrlKey: false,
[1]   metaKey: false,
[1]   shiftKey: false,
[1]   keycode: 30
[1] }
[1] Activity logged successfully: {
[1]   message: 'Activity logged successfully',
[1]   session_id: '67ebcf5a31d14c753a2c457d'
[1] }
[1] Keyboard event: {
[1]   type: 4,
[1]   time: 224173300611791,
[1]   altKey: false,
[1]   ctrlKey: false,
[1]   metaKey: false,
[1]   shiftKey: false,
[1]   keycode: 36
[1] }
[1] Keyboard event: {
[1]   type: 4,
[1]   time: 224173300636000,
[1]   altKey: false,
[1]   ctrlKey: false,
[1]   metaKey: false,
[1]   shiftKey: false,
[1]   keycode: 31
[1] }
[1] Keyboard event: {
[1]   type: 4,
[1]   time: 224173372757291,
[1]   altKey: false,
[1]   ctrlKey: false,
[1]   metaKey: false,
[1]   shiftKey: false,
[1]   keycode: 32
[1] }
[1] Checking state: {
[1]   now: '2025-04-01T11:34:51.933Z',
[1]   lastActivity: '2025-04-01T11:34:51.920Z',
[1]   inactiveTime: 0,
[1]   currentState: 'working',
[1]   pendingValidationThreshold: 10,
[1]   inactivityThreshold: 20,
[1]   autoClockOutDelay: 40
[1] }
[1] Keyboard event: {
[1]   type: 4,
[1]   time: 224173441638750,
[1]   altKey: false,
[1]   ctrlKey: false,
[1]   metaKey: false,
[1]   shiftKey: false,
[1]   keycode: 57
[1] }
[1] Keyboard event: {
[1]   type: 4,
[1]   time: 224173540346916,
[1]   altKey: false,
[1]   ctrlKey: false,
[1]   metaKey: false,
[1]   shiftKey: false,
[1]   keycode: 30
[1] }
[1] Keyboard event: {
[1]   type: 4,
[1]   time: 224173577390833,
[1]   altKey: false,
[1]   ctrlKey: false,
[1]   metaKey: false,
[1]   shiftKey: false,
[1]   keycode: 31
[1] }
[1] Keyboard event: {
[1]   type: 4,
[1]   time: 224173605291375,
[1]   altKey: false,
[1]   ctrlKey: false,
[1]   metaKey: false,
[1]   shiftKey: false,
[1]   keycode: 36
[1] }
[1] Keyboard event: {
[1]   type: 4,
[1]   time: 224173605626250,
[1]   altKey: false,
[1]   ctrlKey: false,
[1]   metaKey: false,
[1]   shiftKey: false,
[1]   keycode: 37
[1] }
[1] Keyboard event: {
[1]   type: 4,
[1]   time: 224173646882916,
[1]   altKey: false,
[1]   ctrlKey: false,
[1]   metaKey: false,
[1]   shiftKey: false,
[1]   keycode: 32
[1] }
[1] Keyboard event: {
[1]   type: 4,
[1]   time: 224173661554375,
[1]   altKey: false,
[1]   ctrlKey: false,
[1]   metaKey: false,
[1]   shiftKey: false,
[1]   keycode: 57
[1] }
[1] Keyboard event: {
[1]   type: 4,
[1]   time: 224173779218791,
[1]   altKey: false,
[1]   ctrlKey: false,
[1]   metaKey: false,
[1]   shiftKey: false,
[1]   keycode: 37
[1] }
[1] Keyboard event: {
[1]   type: 4,
[1]   time: 224173779240208,
[1]   altKey: false,
[1]   ctrlKey: false,
[1]   metaKey: false,
[1]   shiftKey: false,
[1]   keycode: 30
[1] }
[1] Keyboard event: {
[1]   type: 4,
[1]   time: 224173779254583,
[1]   altKey: false,
[1]   ctrlKey: false,
[1]   metaKey: false,
[1]   shiftKey: false,
[1]   keycode: 36
[1] }
[1] Keyboard event: {
[1]   type: 4,
[1]   time: 224173818921875,
[1]   altKey: false,
[1]   ctrlKey: false,
[1]   metaKey: false,
[1]   shiftKey: false,
[1]   keycode: 31
[1] }
[1] Keyboard event: {
[1]   type: 4,
[1]   time: 224173872119958,
[1]   altKey: false,
[1]   ctrlKey: false,
[1]   metaKey: false,
[1]   shiftKey: false,
[1]   keycode: 32
[1] }
[1] Keyboard event: {
[1]   type: 4,
[1]   time: 224173889303125,
[1]   altKey: false,
[1]   ctrlKey: false,
[1]   metaKey: false,
[1]   shiftKey: false,
[1]   keycode: 57
[1] }
[1] Keyboard event: {
[1]   type: 4,
[1]   time: 224173911060958,
[1]   altKey: false,
[1]   ctrlKey: false,
[1]   metaKey: false,
[1]   shiftKey: false,
[1]   keycode: 48
[1] }
[1] Keyboard event: {
[1]   type: 4,
[1]   time: 224173949408333,
[1]   altKey: false,
[1]   ctrlKey: false,
[1]   metaKey: false,
[1]   shiftKey: false,
[1]   keycode: 37
[1] }
[1] Keyboard event: {
[1]   type: 4,
[1]   time: 224173971205291,
[1]   altKey: false,
[1]   ctrlKey: false,
[1]   metaKey: false,
[1]   shiftKey: false,
[1]   keycode: 36
[1] }
[1] Keyboard event: {
[1]   type: 4,
[1]   time: 224174011461958,
[1]   altKey: false,
[1]   ctrlKey: false,
[1]   metaKey: false,
[1]   shiftKey: false,
[1]   keycode: 30
[1] }
[1] Keyboard event: {
[1]   type: 4,
[1]   time: 224174044851791,
[1]   altKey: false,
[1]   ctrlKey: false,
[1]   metaKey: false,
[1]   shiftKey: false,
[1]   keycode: 31
[1] }
[1] Checking state: {
[1]   now: '2025-04-01T11:34:52.938Z',
[1]   lastActivity: '2025-04-01T11:34:52.599Z',
[1]   inactiveTime: 0,
[1]   currentState: 'working',
[1]   pendingValidationThreshold: 10,
[1]   inactivityThreshold: 20,
[1]   autoClockOutDelay: 40
[1] }
[1] Mouse event: {
[1]   type: 7,
[1]   time: 224175341651250,
[1]   altKey: false,
[1]   ctrlKey: false,
[1]   metaKey: false,
[1]   shiftKey: false,
[1]   x: 687,
[1]   y: 581,
[1]   button: 1,
[1]   clicks: 1
[1] }
[1] Checking state: {
[1]   now: '2025-04-01T11:34:53.943Z',
[1]   lastActivity: '2025-04-01T11:34:53.897Z',
[1]   inactiveTime: 0,
[1]   currentState: 'working',
[1]   pendingValidationThreshold: 10,
[1]   inactivityThreshold: 20,
[1]   autoClockOutDelay: 40
[1] }
[1] Keyboard event: {
[1]   type: 4,
[1]   time: 224175522843000,
[1]   altKey: false,
[1]   ctrlKey: false,
[1]   metaKey: false,
[1]   shiftKey: false,
[1]   keycode: 30
[1] }
[1] Keyboard event: {
[1]   type: 4,
[1]   time: 224175578580541,
[1]   altKey: false,
[1]   ctrlKey: false,
[1]   metaKey: false,
[1]   shiftKey: false,
[1]   keycode: 31
[1] }
[1] Keyboard event: {
[1]   type: 4,
[1]   time: 224175594491541,
[1]   altKey: false,
[1]   ctrlKey: false,
[1]   metaKey: false,
[1]   shiftKey: false,
[1]   keycode: 32
[1] }
[1] Keyboard event: {
[1]   type: 4,
[1]   time: 224175643585875,
[1]   altKey: false,
[1]   ctrlKey: false,
[1]   metaKey: false,
[1]   shiftKey: false,
[1]   keycode: 37
[1] }
[1] Keyboard event: {
[1]   type: 4,
[1]   time: 224175655064291,
[1]   altKey: false,
[1]   ctrlKey: false,
[1]   metaKey: false,
[1]   shiftKey: false,
[1]   keycode: 36
[1] }
[1] Keyboard event: {
[1]   type: 4,
[1]   time: 224175715195166,
[1]   altKey: false,
[1]   ctrlKey: false,
[1]   metaKey: false,
[1]   shiftKey: false,
[1]   keycode: 57
[1] }
[1] Keyboard event: {
[1]   type: 4,
[1]   time: 224175767982666,
[1]   altKey: false,
[1]   ctrlKey: false,
[1]   metaKey: false,
[1]   shiftKey: false,
[1]   keycode: 30
[1] }
[1] Keyboard event: {
[1]   type: 4,
[1]   time: 224175804030958,
[1]   altKey: false,
[1]   ctrlKey: false,
[1]   metaKey: false,
[1]   shiftKey: false,
[1]   keycode: 31
[1] }
[1] Keyboard event: {
[1]   type: 4,
[1]   time: 224175806342208,
[1]   altKey: false,
[1]   ctrlKey: false,
[1]   metaKey: false,
[1]   shiftKey: false,
[1]   keycode: 36
[1] }
[1] Keyboard event: {
[1]   type: 4,
[1]   time: 224175830073708,
[1]   altKey: false,
[1]   ctrlKey: false,
[1]   metaKey: false,
[1]   shiftKey: false,
[1]   keycode: 37
[1] }
[1] Keyboard event: {
[1]   type: 4,
[1]   time: 224175856728708,
[1]   altKey: false,
[1]   ctrlKey: false,
[1]   metaKey: false,
[1]   shiftKey: false,
[1]   keycode: 32
[1] }
[1] Keyboard event: {
[1]   type: 4,
[1]   time: 224175937831666,
[1]   altKey: false,
[1]   ctrlKey: false,
[1]   metaKey: false,
[1]   shiftKey: false,
[1]   keycode: 57
[1] }
[1] Keyboard event: {
[1]   type: 4,
[1]   time: 224175971707750,
[1]   altKey: false,
[1]   ctrlKey: false,
[1]   metaKey: false,
[1]   shiftKey: false,
[1]   keycode: 36
[1] }
[1] Keyboard event: {
[1]   type: 4,
[1]   time: 224175987892750,
[1]   altKey: false,
[1]   ctrlKey: false,
[1]   metaKey: false,
[1]   shiftKey: false,
[1]   keycode: 37
[1] }
[1] Keyboard event: {
[1]   type: 4,
[1]   time: 224175987929333,
[1]   altKey: false,
[1]   ctrlKey: false,
[1]   metaKey: false,
[1]   shiftKey: false,
[1]   keycode: 30
[1] }
[1] Keyboard event: {
[1]   type: 4,
[1]   time: 224176017605083,
[1]   altKey: false,
[1]   ctrlKey: false,
[1]   metaKey: false,
[1]   shiftKey: false,
[1]   keycode: 31
[1] }
[1] Keyboard event: {
[1]   type: 4,
[1]   time: 224176067831958,
[1]   altKey: false,
[1]   ctrlKey: false,
[1]   metaKey: false,
[1]   shiftKey: false,
[1]   keycode: 32
[1] }
[1] Keyboard event: {
[1]   type: 4,
[1]   time: 224176190231791,
[1]   altKey: false,
[1]   ctrlKey: false,
[1]   metaKey: false,
[1]   shiftKey: false,
[1]   keycode: 57
[1] }
[1] Keyboard event: {
[1]   type: 4,
[1]   time: 224176327381333,
[1]   altKey: false,
[1]   ctrlKey: false,
[1]   metaKey: false,
[1]   shiftKey: false,
[1]   keycode: 57
[1] }
[1] Checking state: {
[1]   now: '2025-04-01T11:34:54.945Z',
[1]   lastActivity: '2025-04-01T11:34:54.903Z',
[1]   inactiveTime: 0,
[1]   currentState: 'working',
[1]   pendingValidationThreshold: 10,
[1]   inactivityThreshold: 20,
[1]   autoClockOutDelay: 40
[1] }
[1] Checking state: {
[1]   now: '2025-04-01T11:34:55.951Z',
[1]   lastActivity: '2025-04-01T11:34:54.903Z',
[1]   inactiveTime: 1,
[1]   currentState: 'working',
[1]   pendingValidationThreshold: 10,
[1]   inactivityThreshold: 20,
[1]   autoClockOutDelay: 40
[1] }
[1] Checking state: {
[1]   now: '2025-04-01T11:34:56.956Z',
[1]   lastActivity: '2025-04-01T11:34:54.903Z',
[1]   inactiveTime: 2,
[1]   currentState: 'working',
[1]   pendingValidationThreshold: 10,
[1]   inactivityThreshold: 20,
[1]   autoClockOutDelay: 40
[1] }
[1] Mouse event: {
[1]   type: 7,
[1]   time: 224178472979375,
[1]   altKey: false,
[1]   ctrlKey: false,
[1]   metaKey: false,
[1]   shiftKey: false,
[1]   x: 611,
[1]   y: 601,
[1]   button: 1,
[1]   clicks: 1
[1] }
[1] IPC: Received clock-out request
[1] Stopping activity tracking
[1] Attempting to close inactive popup
[1] No popup to close, reference is null
[1] Final window_switch activity logged
[1] IPC: Received connectivity update: false
[1] Connectivity changed: true -> false
[1] IPC: Received connectivity update: true
[1] Connectivity changed: false -> true
[1] Back online, attempting to sync offline queue
[1] Activity tracking stopped and session cleanup completed
